<?xml version="1.0" encoding="UTF-8"?>
<testng-results ignored="0" total="1" passed="1" failed="0" skipped="0">
  <reporter-output>
  </reporter-output>
  <suite started-at="2024-01-29T11:55:52 EST" name="Suite" finished-at="2024-01-29T11:55:58 EST" duration-ms="5780">
    <groups>
    </groups>
    <test started-at="2024-01-29T11:55:52 EST" name="Test" finished-at="2024-01-29T11:55:58 EST" duration-ms="5780">
      <class name="com.Testautomation.apiTesting.test.EndToEndApiCall">
        <test-method is-config="true" signature="beforeMethod()[pri:0, instance:com.Testautomation.apiTesting.test.EndToEndApiCall@5ace1ed4]" started-at="2024-01-29T11:55:52 EST" name="beforeMethod" finished-at="2024-01-29T11:55:53 EST" duration-ms="688" status="PASS">
          <reporter-output>
          </reporter-output>
        </test-method> <!-- beforeMethod -->
        <test-method signature="postApiRequest()[pri:0, instance:com.Testautomation.apiTesting.test.EndToEndApiCall@5ace1ed4]" started-at="2024-01-29T11:55:53 EST" name="postApiRequest" finished-at="2024-01-29T11:55:58 EST" duration-ms="5023" status="PASS">
          <reporter-output>
          </reporter-output>
        </test-method> <!-- postApiRequest -->
      </class> <!-- com.Testautomation.apiTesting.test.EndToEndApiCall -->
    </test> <!-- Test -->
  </suite> <!-- Suite -->
</testng-results>
